[    1107ms] [WARNING] Image with src "/logo-invert.png" has either width or height modified, but not the other. If you use CSS to change the size of your image, also include the styles 'width: "auto"' or 'height: "auto"' to maintain the aspect ratio. @ webpack-internal:///(app-pages-browser)/./node_modules/next/dist/shared/lib/utils/warn-once.js:15
[    2729ms] [ERROR] Failed to load resource: the server responded with a status of 401 (Unauthorized) @ http://localhost:3000/api/projects/17/dynamic/columns/with_values?table=multifamily_unit:0
[    4408ms] [ERROR] Failed to load resource: the server responded with a status of 401 (Unauthorized) @ http://localhost:3000/api/projects/17/dynamic/columns/with_values?table=multifamily_unit&row_ids=260&row_ids=261&row_ids=262&row_ids=263&row_ids=264&row_ids=265&row_ids=266&row_ids=267&row_ids=268&row_ids=269&row_ids=270&row_ids=271&row_ids=272&row_ids=273&row_ids=274&row_ids=275&row_ids=276&row_ids=277&row_ids=278&row_ids=279&row_ids=280&row_ids=281&row_ids=282&row_ids=283&row_ids=284&row_ids=285&row_ids=286&row_ids=287&row_ids=288&row_ids=289&row_ids=290&row_ids=291&row_ids=292&row_ids=293&row_ids=294&row_ids=295&row_ids=296&row_ids=297&row_ids=298&row_ids=299&row_ids=300&row_ids=1215&row_ids=1216&row_ids=1459&row_ids=1460&row_ids=301&row_ids=302&row_ids=303&row_ids=304&row_ids=305&row_ids=306&row_ids=307&row_ids=308&row_ids=309&row_ids=310&row_ids=311&row_ids=312&row_ids=313&row_ids=314&row_ids=315&row_ids=316&row_ids=317&row_ids=318&row_ids=319&row_ids=320&row_ids=321&row_ids=322&row_ids=323&row_ids=324&row_ids=325&row_ids=326&row_ids=327&row_ids=328&row_ids=329&row_ids=330&row_ids=331&row_ids=332&row_ids=333&row_ids=334&row_ids=335&row_ids=336&row_ids=1253&row_ids=1254&row_ids=1499&row_ids=1500&row_ids=337&row_ids=338&row_ids=339&row_ids=340&row_ids=341&row_ids=342&row_ids=343&row_ids=344&row_ids=345&row_ids=346&row_ids=347&row_ids=348&row_ids=349&row_ids=350&row_ids=351&row_ids=352&row_ids=353&row_ids=354&row_ids=355&row_ids=356&row_ids=357&row_ids=358&row_ids=359&row_ids=360&row_ids=361&row_ids=362&row_ids=363&row_ids=364&row_ids=365&row_ids=366&row_ids=367&row_ids=368&row_ids=369&row_ids=370&row_ids=371&row_ids=372:0
[  175454ms] [ERROR] WebSocket connection to 'ws://localhost:3000/_next/webpack-hmr' failed:  @ webpack-internal:///(app-pages-browser)/./node_modules/next/dist/client/dev/hot-reloader/app/use-websocket.js:41
[  217823ms] [ERROR] Failed to load resource: net::ERR_CONNECTION_REFUSED @ http://localhost:3000/api/projects/17/extraction-jobs:0
[  218603ms] [ERROR] Failed to load resource: net::ERR_CONNECTION_REFUSED @ http://localhost:3000/api/projects/17/extractions/pending:0
[  227826ms] [ERROR] Failed to load resource: net::ERR_CONNECTION_REFUSED @ http://localhost:3000/api/projects/17/extraction-jobs:0
[  228610ms] [ERROR] Failed to load resource: net::ERR_CONNECTION_REFUSED @ http://localhost:3000/api/projects/17/extractions/pending:0
[  245905ms] [ERROR] Failed to load resource: net::ERR_CONNECTION_REFUSED @ http://localhost:3000/api/projects/17/landscaper/activities:0
[  246912ms] [ERROR] Failed to load resource: net::ERR_CONNECTION_REFUSED @ http://localhost:3000/api/projects/17/landscaper/activities:0
[  247829ms] [ERROR] Failed to load resource: net::ERR_CONNECTION_REFUSED @ http://localhost:3000/api/projects/17/extraction-jobs:0
[  248615ms] [ERROR] Failed to load resource: net::ERR_CONNECTION_REFUSED @ http://localhost:3000/api/projects/17/extractions/pending:0
[  248915ms] [ERROR] Failed to load resource: net::ERR_CONNECTION_REFUSED @ http://localhost:3000/api/projects/17/landscaper/activities:0
[  252920ms] [ERROR] Failed to load resource: net::ERR_CONNECTION_REFUSED @ http://localhost:3000/api/projects/17/landscaper/activities:0
[  278620ms] [ERROR] Failed to load resource: net::ERR_CONNECTION_REFUSED @ http://localhost:3000/api/projects/17/extractions/pending:0
[  297832ms] [ERROR] Failed to load resource: net::ERR_CONNECTION_REFUSED @ http://localhost:3000/api/projects/17/extraction-jobs:0
[  312927ms] [ERROR] Failed to load resource: net::ERR_CONNECTION_REFUSED @ http://localhost:3000/api/projects/17/landscaper/activities:0
[  313932ms] [ERROR] Failed to load resource: net::ERR_CONNECTION_REFUSED @ http://localhost:3000/api/projects/17/landscaper/activities:0
[  315936ms] [ERROR] Failed to load resource: net::ERR_CONNECTION_REFUSED @ http://localhost:3000/api/projects/17/landscaper/activities:0
[  319941ms] [ERROR] Failed to load resource: net::ERR_CONNECTION_REFUSED @ http://localhost:3000/api/projects/17/landscaper/activities:0
[  379948ms] [ERROR] Failed to load resource: net::ERR_CONNECTION_REFUSED @ http://localhost:3000/api/projects/17/landscaper/activities:0
[  380954ms] [ERROR] Failed to load resource: net::ERR_CONNECTION_REFUSED @ http://localhost:3000/api/projects/17/landscaper/activities:0
[  382957ms] [ERROR] Failed to load resource: net::ERR_CONNECTION_REFUSED @ http://localhost:3000/api/projects/17/landscaper/activities:0
[  386965ms] [ERROR] Failed to load resource: net::ERR_CONNECTION_REFUSED @ http://localhost:3000/api/projects/17/landscaper/activities:0
[  393626ms] [ERROR] Failed to load resource: net::ERR_CONNECTION_REFUSED @ http://localhost:3000/api/projects/17/extractions/pending:0
[  412837ms] [ERROR] Failed to load resource: net::ERR_CONNECTION_REFUSED @ http://localhost:3000/api/projects/17/extraction-jobs:0
[  446970ms] [ERROR] Failed to load resource: net::ERR_CONNECTION_REFUSED @ http://localhost:3000/api/projects/17/landscaper/activities:0
[  447973ms] [ERROR] Failed to load resource: net::ERR_CONNECTION_REFUSED @ http://localhost:3000/api/projects/17/landscaper/activities:0
[  449976ms] [ERROR] Failed to load resource: net::ERR_CONNECTION_REFUSED @ http://localhost:3000/api/projects/17/landscaper/activities:0
[  453980ms] [ERROR] Failed to load resource: net::ERR_CONNECTION_REFUSED @ http://localhost:3000/api/projects/17/landscaper/activities:0
[  513989ms] [ERROR] Failed to load resource: net::ERR_CONNECTION_REFUSED @ http://localhost:3000/api/projects/17/landscaper/activities:0
[  514996ms] [ERROR] Failed to load resource: net::ERR_CONNECTION_REFUSED @ http://localhost:3000/api/projects/17/landscaper/activities:0
[  517000ms] [ERROR] Failed to load resource: net::ERR_CONNECTION_REFUSED @ http://localhost:3000/api/projects/17/landscaper/activities:0
[  521002ms] [ERROR] Failed to load resource: net::ERR_CONNECTION_REFUSED @ http://localhost:3000/api/projects/17/landscaper/activities:0
[  538631ms] [ERROR] Failed to load resource: net::ERR_CONNECTION_REFUSED @ http://localhost:3000/api/projects/17/extractions/pending:0
[  557840ms] [ERROR] Failed to load resource: net::ERR_CONNECTION_REFUSED @ http://localhost:3000/api/projects/17/extraction-jobs:0
[  581007ms] [ERROR] Failed to load resource: net::ERR_CONNECTION_REFUSED @ http://localhost:3000/api/projects/17/landscaper/activities:0
[  582014ms] [ERROR] Failed to load resource: net::ERR_CONNECTION_REFUSED @ http://localhost:3000/api/projects/17/landscaper/activities:0
[  584025ms] [ERROR] Failed to load resource: net::ERR_CONNECTION_REFUSED @ http://localhost:3000/api/projects/17/landscaper/activities:0
[  588033ms] [ERROR] Failed to load resource: net::ERR_CONNECTION_REFUSED @ http://localhost:3000/api/projects/17/landscaper/activities:0
[  648052ms] [ERROR] Failed to load resource: net::ERR_CONNECTION_REFUSED @ http://localhost:3000/api/projects/17/landscaper/activities:0
[  649058ms] [ERROR] Failed to load resource: net::ERR_CONNECTION_REFUSED @ http://localhost:3000/api/projects/17/landscaper/activities:0
[  651062ms] [ERROR] Failed to load resource: net::ERR_CONNECTION_REFUSED @ http://localhost:3000/api/projects/17/landscaper/activities:0
[  655069ms] [ERROR] Failed to load resource: net::ERR_CONNECTION_REFUSED @ http://localhost:3000/api/projects/17/landscaper/activities:0
[  715078ms] [ERROR] Failed to load resource: net::ERR_CONNECTION_REFUSED @ http://localhost:3000/api/projects/17/landscaper/activities:0
[  716085ms] [ERROR] Failed to load resource: net::ERR_CONNECTION_REFUSED @ http://localhost:3000/api/projects/17/landscaper/activities:0
[  718094ms] [ERROR] Failed to load resource: net::ERR_CONNECTION_REFUSED @ http://localhost:3000/api/projects/17/landscaper/activities:0
[  722097ms] [ERROR] Failed to load resource: net::ERR_CONNECTION_REFUSED @ http://localhost:3000/api/projects/17/landscaper/activities:0
[  782106ms] [ERROR] Failed to load resource: net::ERR_CONNECTION_REFUSED @ http://localhost:3000/api/projects/17/landscaper/activities:0
[  783111ms] [ERROR] Failed to load resource: net::ERR_CONNECTION_REFUSED @ http://localhost:3000/api/projects/17/landscaper/activities:0
[  785134ms] [ERROR] Failed to load resource: net::ERR_CONNECTION_REFUSED @ http://localhost:3000/api/projects/17/landscaper/activities:0
[  789143ms] [ERROR] Failed to load resource: net::ERR_CONNECTION_REFUSED @ http://localhost:3000/api/projects/17/landscaper/activities:0
